{
  "stats": {
    "suites": 1,
    "tests": 3,
    "passes": 3,
    "pending": 0,
    "failures": 0,
    "start": "2021-01-15T09:29:47.577Z",
    "end": "2021-01-15T09:29:57.429Z",
    "duration": 9852,
    "testsRegistered": 3,
    "passPercent": 100,
    "pendingPercent": 0,
    "other": 0,
    "hasOther": false,
    "skipped": 0,
    "hasSkipped": false
  },
  "results": [
    {
      "uuid": "0997b20c-fdd9-46ab-bca5-a43345b60c37",
      "title": "",
      "fullFile": "cypress/integration/examples/login_page.spec.js",
      "file": "cypress/integration/examples/login_page.spec.js",
      "beforeHooks": [],
      "afterHooks": [],
      "tests": [],
      "suites": [
        {
          "uuid": "715b44c3-9055-4ad2-b3e3-35df937be195",
          "title": "Test login funcationlity ",
          "fullFile": "",
          "file": "",
          "beforeHooks": [],
          "afterHooks": [],
          "tests": [
            {
              "title": "Open URL",
              "fullTitle": "Test login funcationlity  Open URL",
              "timedOut": null,
              "duration": 2514,
              "state": "passed",
              "speed": "slow",
              "pass": true,
              "fail": false,
              "pending": false,
              "context": null,
              "code": "cy.visit(\"http://www.testyou.in/Login.aspx\");",
              "err": {},
              "uuid": "b24915b6-b342-460d-90d5-43c6e31d0dbe",
              "parentUUID": "715b44c3-9055-4ad2-b3e3-35df937be195",
              "isHook": false,
              "skipped": false
            },
            {
              "title": "Login Into Application",
              "fullTitle": "Test login funcationlity  Login Into Application",
              "timedOut": null,
              "duration": 4166,
              "state": "passed",
              "speed": "slow",
              "pass": true,
              "fail": false,
              "pending": false,
              "context": null,
              "code": "cy.get('#ctl00_CPHContainer_txtUserLogin').type('kailash1980');\ncy.get('#ctl00_CPHContainer_txtPassword').type('Sonie8088');\ncy.get('#ctl00_CPHContainer_btnLoginn').click();",
              "err": {},
              "uuid": "d608f66c-d95e-4955-ac19-fd92aa49822a",
              "parentUUID": "715b44c3-9055-4ad2-b3e3-35df937be195",
              "isHook": false,
              "skipped": false
            },
            {
              "title": "Logout From Application",
              "fullTitle": "Test login funcationlity  Logout From Application",
              "timedOut": null,
              "duration": 1708,
              "state": "passed",
              "speed": "slow",
              "pass": true,
              "fail": false,
              "pending": false,
              "context": null,
              "code": "cy.get('#ctl00_headerTopStudent_lnkbtnSignout').click();",
              "err": {},
              "uuid": "4a54c265-2f06-4feb-9477-2ee22768aef1",
              "parentUUID": "715b44c3-9055-4ad2-b3e3-35df937be195",
              "isHook": false,
              "skipped": false
            }
          ],
          "suites": [],
          "passes": [
            "b24915b6-b342-460d-90d5-43c6e31d0dbe",
            "d608f66c-d95e-4955-ac19-fd92aa49822a",
            "4a54c265-2f06-4feb-9477-2ee22768aef1"
          ],
          "failures": [],
          "pending": [],
          "skipped": [],
          "duration": 8388,
          "root": false,
          "rootEmpty": false,
          "_timeout": 2000
        }
      ],
      "passes": [],
      "failures": [],
      "pending": [],
      "skipped": [],
      "duration": 0,
      "root": true,
      "rootEmpty": true,
      "_timeout": 2000
    }
  ],
  "meta": {
    "mocha": {
      "version": "7.0.1"
    },
    "mochawesome": {
      "options": {
        "quiet": false,
        "reportFilename": "mochawesome",
        "saveHtml": false,
        "saveJson": true,
        "consoleReporter": "spec",
        "useInlineDiffs": false,
        "code": true
      },
      "version": "6.2.1"
    },
    "marge": {
      "options": {
        "reportDir": "cypress/report",
        "overwrite": false,
        "html": false,
        "json": true,
        "timestamp": "mmddyyyy_HHMMss"
      },
      "version": "5.1.0"
    }
  }
}