{
  "stats": {
    "suites": 3,
    "tests": 5,
    "passes": 5,
    "pending": 0,
    "failures": 0,
    "start": "2021-01-15T09:29:47.577Z",
    "end": "2021-01-15T09:30:18.496Z",
    "duration": 15320,
    "testsRegistered": 5,
    "passPercent": 100,
    "pendingPercent": 0,
    "other": 0,
    "hasOther": false,
    "skipped": 0,
    "hasSkipped": false
  },
  "results": [
    {
      "uuid": "0997b20c-fdd9-46ab-bca5-a43345b60c37",
      "title": "",
      "fullFile": "cypress/integration/examples/login_page.spec.js",
      "file": "cypress/integration/examples/login_page.spec.js",
      "beforeHooks": [],
      "afterHooks": [],
      "tests": [],
      "suites": [
        {
          "uuid": "715b44c3-9055-4ad2-b3e3-35df937be195",
          "title": "Test login funcationlity ",
          "fullFile": "",
          "file": "",
          "beforeHooks": [],
          "afterHooks": [],
          "tests": [
            {
              "title": "Open URL",
              "fullTitle": "Test login funcationlity  Open URL",
              "timedOut": null,
              "duration": 2514,
              "state": "passed",
              "speed": "slow",
              "pass": true,
              "fail": false,
              "pending": false,
              "context": null,
              "code": "cy.visit(\"http://www.testyou.in/Login.aspx\");",
              "err": {},
              "uuid": "b24915b6-b342-460d-90d5-43c6e31d0dbe",
              "parentUUID": "715b44c3-9055-4ad2-b3e3-35df937be195",
              "isHook": false,
              "skipped": false
            },
            {
              "title": "Login Into Application",
              "fullTitle": "Test login funcationlity  Login Into Application",
              "timedOut": null,
              "duration": 4166,
              "state": "passed",
              "speed": "slow",
              "pass": true,
              "fail": false,
              "pending": false,
              "context": null,
              "code": "cy.get('#ctl00_CPHContainer_txtUserLogin').type('kailash1980');\ncy.get('#ctl00_CPHContainer_txtPassword').type('Sonie8088');\ncy.get('#ctl00_CPHContainer_btnLoginn').click();",
              "err": {},
              "uuid": "d608f66c-d95e-4955-ac19-fd92aa49822a",
              "parentUUID": "715b44c3-9055-4ad2-b3e3-35df937be195",
              "isHook": false,
              "skipped": false
            },
            {
              "title": "Logout From Application",
              "fullTitle": "Test login funcationlity  Logout From Application",
              "timedOut": null,
              "duration": 1708,
              "state": "passed",
              "speed": "slow",
              "pass": true,
              "fail": false,
              "pending": false,
              "context": null,
              "code": "cy.get('#ctl00_headerTopStudent_lnkbtnSignout').click();",
              "err": {},
              "uuid": "4a54c265-2f06-4feb-9477-2ee22768aef1",
              "parentUUID": "715b44c3-9055-4ad2-b3e3-35df937be195",
              "isHook": false,
              "skipped": false
            }
          ],
          "suites": [],
          "passes": [
            "b24915b6-b342-460d-90d5-43c6e31d0dbe",
            "d608f66c-d95e-4955-ac19-fd92aa49822a",
            "4a54c265-2f06-4feb-9477-2ee22768aef1"
          ],
          "failures": [],
          "pending": [],
          "skipped": [],
          "duration": 8388,
          "root": false,
          "rootEmpty": false,
          "_timeout": 2000
        }
      ],
      "passes": [],
      "failures": [],
      "pending": [],
      "skipped": [],
      "duration": 0,
      "root": true,
      "rootEmpty": true,
      "_timeout": 2000
    },
    {
      "uuid": "4d51843c-5074-4275-9054-1918ebd45701",
      "title": "",
      "fullFile": "cypress/integration/examples/shadow_dom.js",
      "file": "cypress/integration/examples/shadow_dom.js",
      "beforeHooks": [],
      "afterHooks": [],
      "tests": [],
      "suites": [
        {
          "uuid": "7063e093-d406-4d3a-99b8-d522ad19b5fe",
          "title": "Example to demonstrate the handling of Shadow Dom in Cypress",
          "fullFile": "",
          "file": "",
          "beforeHooks": [],
          "afterHooks": [],
          "tests": [
            {
              "title": "Input a text in the input box and after search validate the URL",
              "fullTitle": "Example to demonstrate the handling of Shadow Dom in Cypress Input a text in the input box and after search validate the URL",
              "timedOut": null,
              "duration": 3780,
              "state": "passed",
              "speed": "slow",
              "pass": true,
              "fail": false,
              "pending": false,
              "context": null,
              "code": "cy.get('book-app').shadow().find('app-header').find('.toolbar-bottom').find('book-input-decorator').find('#input').type('Science').click().url('contains', 'explore?q=Science');",
              "err": {},
              "uuid": "f17c6123-d424-42c0-b5e8-659b5d0e7f89",
              "parentUUID": "7063e093-d406-4d3a-99b8-d522ad19b5fe",
              "isHook": false,
              "skipped": false
            }
          ],
          "suites": [],
          "passes": [
            "f17c6123-d424-42c0-b5e8-659b5d0e7f89"
          ],
          "failures": [],
          "pending": [],
          "skipped": [],
          "duration": 3780,
          "root": false,
          "rootEmpty": false,
          "_timeout": 2000
        }
      ],
      "passes": [],
      "failures": [],
      "pending": [],
      "skipped": [],
      "duration": 0,
      "root": true,
      "rootEmpty": true,
      "_timeout": 2000
    },
    {
      "uuid": "efedf5d3-a10a-4527-b286-70190f96ed6e",
      "title": "",
      "fullFile": "cypress/integration/examples/viewport.spec.js",
      "file": "cypress/integration/examples/viewport.spec.js",
      "beforeHooks": [],
      "afterHooks": [],
      "tests": [],
      "suites": [
        {
          "uuid": "cdc0caa1-9dcd-43ab-b86e-6ddca9ba36a3",
          "title": "Viewport",
          "fullFile": "",
          "file": "",
          "beforeHooks": [],
          "afterHooks": [],
          "tests": [
            {
              "title": "cy.viewport() - set the viewport size and dimension",
              "fullTitle": "Viewport cy.viewport() - set the viewport size and dimension",
              "timedOut": null,
              "duration": 3152,
              "state": "passed",
              "speed": "slow",
              "pass": true,
              "fail": false,
              "pending": false,
              "context": null,
              "code": "// https://on.cypress.io/viewport\ncy.get('#navbar').should('be.visible');\ncy.viewport(320, 480); // the navbar should have collapse since our screen is smaller\ncy.get('#navbar').should('not.be.visible');\ncy.get('.navbar-toggle').should('be.visible').click();\ncy.get('.nav').find('a').should('be.visible'); // lets see what our app looks like on a super large screen\ncy.viewport(2999, 2999); // cy.viewport() accepts a set of preset sizes\n// to easily set the screen to a device's width and height\n// We added a cy.wait() between each viewport change so you can see\n// the change otherwise it is a little too fast to see :)\ncy.viewport('macbook-15');\ncy.wait(200);\ncy.viewport('macbook-13');\ncy.wait(200);\ncy.viewport('macbook-11');\ncy.wait(200);\ncy.viewport('ipad-2');\ncy.wait(200);\ncy.viewport('ipad-mini');\ncy.wait(200);\ncy.viewport('iphone-6+');\ncy.wait(200);\ncy.viewport('iphone-6');\ncy.wait(200);\ncy.viewport('iphone-5');\ncy.wait(200);\ncy.viewport('iphone-4');\ncy.wait(200);\ncy.viewport('iphone-3');\ncy.wait(200); // cy.viewport() accepts an orientation for all presets\n// the default orientation is 'portrait'\ncy.viewport('ipad-2', 'portrait');\ncy.wait(200);\ncy.viewport('iphone-4', 'landscape');\ncy.wait(200); // The viewport will be reset back to the default dimensions\n// in between tests (the  default can be set in cypress.json)",
              "err": {},
              "uuid": "b2b7900b-4c3c-41ab-8d39-1abedc46fbc9",
              "parentUUID": "cdc0caa1-9dcd-43ab-b86e-6ddca9ba36a3",
              "isHook": false,
              "skipped": false
            }
          ],
          "suites": [],
          "passes": [
            "b2b7900b-4c3c-41ab-8d39-1abedc46fbc9"
          ],
          "failures": [],
          "pending": [],
          "skipped": [],
          "duration": 3152,
          "root": false,
          "rootEmpty": false,
          "_timeout": 2000
        }
      ],
      "passes": [],
      "failures": [],
      "pending": [],
      "skipped": [],
      "duration": 0,
      "root": true,
      "rootEmpty": true,
      "_timeout": 2000
    }
  ],
  "meta": {
    "mocha": {
      "version": "7.0.1"
    },
    "mochawesome": {
      "options": {
        "quiet": false,
        "reportFilename": "mochawesome",
        "saveHtml": false,
        "saveJson": true,
        "consoleReporter": "spec",
        "useInlineDiffs": false,
        "code": true
      },
      "version": "6.2.1"
    },
    "marge": {
      "options": {
        "reportDir": "cypress/report",
        "overwrite": false,
        "html": false,
        "json": true,
        "timestamp": "mmddyyyy_HHMMss"
      },
      "version": "5.1.0"
    }
  }
}