{
  "stats": {
    "suites": 1,
    "tests": 3,
    "passes": 3,
    "pending": 0,
    "failures": 0,
    "start": "2021-01-16T19:22:34.176Z",
    "end": "2021-01-16T19:22:44.318Z",
    "duration": 10142,
    "testsRegistered": 3,
    "passPercent": 100,
    "pendingPercent": 0,
    "other": 0,
    "hasOther": false,
    "skipped": 0,
    "hasSkipped": false
  },
  "results": [
    {
      "uuid": "d2b527b0-726f-4623-a00a-7d54f0970fa6",
      "title": "",
      "fullFile": "cypress/integration/examples/login_page.js",
      "file": "cypress/integration/examples/login_page.js",
      "beforeHooks": [],
      "afterHooks": [],
      "tests": [],
      "suites": [
        {
          "uuid": "a46c3a06-66bd-4d91-b164-067df9bd4c38",
          "title": "Test login funcationlity ",
          "fullFile": "",
          "file": "",
          "beforeHooks": [],
          "afterHooks": [],
          "tests": [
            {
              "title": "Open URL",
              "fullTitle": "Test login funcationlity  Open URL",
              "timedOut": null,
              "duration": 3082,
              "state": "passed",
              "speed": "slow",
              "pass": true,
              "fail": false,
              "pending": false,
              "context": null,
              "code": "cy.visit(\"http://www.testyou.in/Login.aspx\");",
              "err": {},
              "uuid": "eeab9e53-d8c9-4ff1-bf65-789c2ddd54ef",
              "parentUUID": "a46c3a06-66bd-4d91-b164-067df9bd4c38",
              "isHook": false,
              "skipped": false
            },
            {
              "title": "Login Into Application",
              "fullTitle": "Test login funcationlity  Login Into Application",
              "timedOut": null,
              "duration": 4374,
              "state": "passed",
              "speed": "slow",
              "pass": true,
              "fail": false,
              "pending": false,
              "context": null,
              "code": "cy.get('#ctl00_CPHContainer_txtUserLogin').type('kailash1980');\ncy.get('#ctl00_CPHContainer_txtPassword').type('Sonie8088');\ncy.get('#ctl00_CPHContainer_btnLoginn').click();",
              "err": {},
              "uuid": "38a0fe08-88b6-44a1-b838-415cfb43d899",
              "parentUUID": "a46c3a06-66bd-4d91-b164-067df9bd4c38",
              "isHook": false,
              "skipped": false
            },
            {
              "title": "Logout From Application",
              "fullTitle": "Test login funcationlity  Logout From Application",
              "timedOut": null,
              "duration": 917,
              "state": "passed",
              "speed": "slow",
              "pass": true,
              "fail": false,
              "pending": false,
              "context": null,
              "code": "cy.get('#ctl00_headerTopStudent_lnkbtnSignout').click();",
              "err": {},
              "uuid": "efbcd29e-a624-4836-a8df-72aaf5d4b92b",
              "parentUUID": "a46c3a06-66bd-4d91-b164-067df9bd4c38",
              "isHook": false,
              "skipped": false
            }
          ],
          "suites": [],
          "passes": [
            "eeab9e53-d8c9-4ff1-bf65-789c2ddd54ef",
            "38a0fe08-88b6-44a1-b838-415cfb43d899",
            "efbcd29e-a624-4836-a8df-72aaf5d4b92b"
          ],
          "failures": [],
          "pending": [],
          "skipped": [],
          "duration": 8373,
          "root": false,
          "rootEmpty": false,
          "_timeout": 2000
        }
      ],
      "passes": [],
      "failures": [],
      "pending": [],
      "skipped": [],
      "duration": 0,
      "root": true,
      "rootEmpty": true,
      "_timeout": 2000
    }
  ],
  "meta": {
    "mocha": {
      "version": "7.0.1"
    },
    "mochawesome": {
      "options": {
        "quiet": false,
        "reportFilename": "mochawesome",
        "saveHtml": false,
        "saveJson": true,
        "consoleReporter": "spec",
        "useInlineDiffs": false,
        "code": true
      },
      "version": "6.2.1"
    },
    "marge": {
      "options": {
        "reportDir": "cypress/reports/mochawesome-report",
        "overwrite": false,
        "html": false,
        "json": true,
        "timestamp": "mmddyyyy_HHMMss"
      },
      "version": "5.1.0"
    }
  }
}