{
  "stats": {
    "suites": 1,
    "tests": 3,
    "passes": 1,
    "pending": 0,
    "failures": 2,
    "start": "2021-01-16T05:53:21.196Z",
    "end": "2021-01-16T05:53:33.917Z",
    "duration": 12721,
    "testsRegistered": 3,
    "passPercent": 33.33333333333333,
    "pendingPercent": 0,
    "other": 0,
    "hasOther": false,
    "skipped": 0,
    "hasSkipped": false
  },
  "results": [
    {
      "uuid": "b11eed1b-dc74-4908-9754-b5b67aabb376",
      "title": "",
      "fullFile": "cypress/integration/examples/login_page.spec.js",
      "file": "cypress/integration/examples/login_page.spec.js",
      "beforeHooks": [],
      "afterHooks": [],
      "tests": [],
      "suites": [
        {
          "uuid": "72c1b616-e7e2-434a-ba75-af21f5c8224d",
          "title": "Test login funcationlity ",
          "fullFile": "",
          "file": "",
          "beforeHooks": [],
          "afterHooks": [],
          "tests": [
            {
              "title": "Open URL",
              "fullTitle": "Test login funcationlity  Open URL",
              "timedOut": null,
              "duration": 1934,
              "state": "passed",
              "speed": "slow",
              "pass": true,
              "fail": false,
              "pending": false,
              "context": null,
              "code": "cy.visit(\"http://www.testyou.in/Login.aspx\");",
              "err": {},
              "uuid": "df8bc727-8901-4539-9770-a47c82abee4f",
              "parentUUID": "72c1b616-e7e2-434a-ba75-af21f5c8224d",
              "isHook": false,
              "skipped": false
            },
            {
              "title": "Login Into Application",
              "fullTitle": "Test login funcationlity  Login Into Application",
              "timedOut": null,
              "duration": 4829,
              "state": "failed",
              "speed": null,
              "pass": false,
              "fail": true,
              "pending": false,
              "context": null,
              "code": "cy.get('#ctl00_CPHContainer_txtUserLogin').type('kailash1980');\ncy.get('#ctl00_CPHContainer_txtPassword').type('Sonie8088');\ncy.get('#ctl00_CPHContainer_btnLoginn1').click();",
              "err": {
                "message": "AssertionError: Timed out retrying after 4000ms: Expected to find element: `#ctl00_CPHContainer_btnLoginn1`, but never found it.",
                "estack": "AssertionError: Timed out retrying after 4000ms: Expected to find element: `#ctl00_CPHContainer_btnLoginn1`, but never found it.\n    at Context.eval (http://www.testyou.in/__cypress/tests?p=cypress/integration/examples/login_page.spec.js:107:8)",
                "diff": null
              },
              "uuid": "32737c3c-403f-4f3a-945e-b414e2bcb58b",
              "parentUUID": "72c1b616-e7e2-434a-ba75-af21f5c8224d",
              "isHook": false,
              "skipped": false
            },
            {
              "title": "Logout From Application",
              "fullTitle": "Test login funcationlity  Logout From Application",
              "timedOut": null,
              "duration": 4358,
              "state": "failed",
              "speed": null,
              "pass": false,
              "fail": true,
              "pending": false,
              "context": null,
              "code": "cy.get('#ctl00_headerTopStudent_lnkbtnSignout').click();",
              "err": {
                "message": "AssertionError: Timed out retrying after 4000ms: Expected to find element: `#ctl00_headerTopStudent_lnkbtnSignout`, but never found it.",
                "estack": "AssertionError: Timed out retrying after 4000ms: Expected to find element: `#ctl00_headerTopStudent_lnkbtnSignout`, but never found it.\n    at Context.eval (http://www.testyou.in/__cypress/tests?p=cypress/integration/examples/login_page.spec.js:110:8)",
                "diff": null
              },
              "uuid": "08feb7f4-e2b7-48d5-8b88-4847e49680df",
              "parentUUID": "72c1b616-e7e2-434a-ba75-af21f5c8224d",
              "isHook": false,
              "skipped": false
            }
          ],
          "suites": [],
          "passes": [
            "df8bc727-8901-4539-9770-a47c82abee4f"
          ],
          "failures": [
            "32737c3c-403f-4f3a-945e-b414e2bcb58b",
            "08feb7f4-e2b7-48d5-8b88-4847e49680df"
          ],
          "pending": [],
          "skipped": [],
          "duration": 11121,
          "root": false,
          "rootEmpty": false,
          "_timeout": 2000
        }
      ],
      "passes": [],
      "failures": [],
      "pending": [],
      "skipped": [],
      "duration": 0,
      "root": true,
      "rootEmpty": true,
      "_timeout": 2000
    }
  ],
  "meta": {
    "mocha": {
      "version": "7.0.1"
    },
    "mochawesome": {
      "options": {
        "quiet": false,
        "reportFilename": "mochawesome",
        "saveHtml": false,
        "saveJson": true,
        "consoleReporter": "spec",
        "useInlineDiffs": false,
        "code": true
      },
      "version": "6.2.1"
    },
    "marge": {
      "options": {
        "reportDir": "cypress/reports/mochawesome-report",
        "overwrite": false,
        "html": false,
        "json": true,
        "timestamp": "mmddyyyy_HHMMss"
      },
      "version": "5.1.0"
    }
  }
}