{
  "stats": {
    "suites": 1,
    "tests": 3,
    "passes": 3,
    "pending": 0,
    "failures": 0,
    "start": "2021-03-20T13:41:51.460Z",
    "end": "2021-03-20T13:42:02.478Z",
    "duration": 11018,
    "testsRegistered": 3,
    "passPercent": 100,
    "pendingPercent": 0,
    "other": 0,
    "hasOther": false,
    "skipped": 0,
    "hasSkipped": false
  },
  "results": [
    {
      "uuid": "001c0269-357c-4d99-a51f-851ef0623d1f",
      "title": "",
      "fullFile": "cypress/integration/examples/login_page.js",
      "file": "cypress/integration/examples/login_page.js",
      "beforeHooks": [],
      "afterHooks": [],
      "tests": [],
      "suites": [
        {
          "uuid": "614dc0d6-1ad1-47ab-85f9-886151775d96",
          "title": "Test login funcationlity ",
          "fullFile": "",
          "file": "",
          "beforeHooks": [],
          "afterHooks": [],
          "tests": [
            {
              "title": "Open URL",
              "fullTitle": "Test login funcationlity  Open URL",
              "timedOut": null,
              "duration": 2910,
              "state": "passed",
              "speed": "slow",
              "pass": true,
              "fail": false,
              "pending": false,
              "context": null,
              "code": "cy.visit(\"http://www.testyou.in/Login.aspx\");",
              "err": {},
              "uuid": "99100a8f-482b-4961-8050-76e873d8e150",
              "parentUUID": "614dc0d6-1ad1-47ab-85f9-886151775d96",
              "isHook": false,
              "skipped": false
            },
            {
              "title": "Login Into Application",
              "fullTitle": "Test login funcationlity  Login Into Application",
              "timedOut": null,
              "duration": 4176,
              "state": "passed",
              "speed": "slow",
              "pass": true,
              "fail": false,
              "pending": false,
              "context": null,
              "code": "cy.get(\"#ctl00_CPHContainer_txtUserLogin\").type(\"kailash1980\");\ncy.get(\"#ctl00_CPHContainer_txtPassword\").type(\"Sonie8088\");\ncy.debug();\ncy.get(\"#ctl00_CPHContainer_btnLoginn\").click();",
              "err": {},
              "uuid": "5c0c081b-cd69-435b-a770-15b5be13bdd6",
              "parentUUID": "614dc0d6-1ad1-47ab-85f9-886151775d96",
              "isHook": false,
              "skipped": false
            },
            {
              "title": "Logout From Application",
              "fullTitle": "Test login funcationlity  Logout From Application",
              "timedOut": null,
              "duration": 1765,
              "state": "passed",
              "speed": "slow",
              "pass": true,
              "fail": false,
              "pending": false,
              "context": null,
              "code": "cy.get(\"#ctl00_headerTopStudent_lnkbtnSignout\").click();",
              "err": {},
              "uuid": "bef31088-2a70-4663-8dec-6c1594ad90b3",
              "parentUUID": "614dc0d6-1ad1-47ab-85f9-886151775d96",
              "isHook": false,
              "skipped": false
            }
          ],
          "suites": [],
          "passes": [
            "99100a8f-482b-4961-8050-76e873d8e150",
            "5c0c081b-cd69-435b-a770-15b5be13bdd6",
            "bef31088-2a70-4663-8dec-6c1594ad90b3"
          ],
          "failures": [],
          "pending": [],
          "skipped": [],
          "duration": 8851,
          "root": false,
          "rootEmpty": false,
          "_timeout": 2000
        }
      ],
      "passes": [],
      "failures": [],
      "pending": [],
      "skipped": [],
      "duration": 0,
      "root": true,
      "rootEmpty": true,
      "_timeout": 2000
    }
  ],
  "meta": {
    "mocha": {
      "version": "7.0.1"
    },
    "mochawesome": {
      "options": {
        "quiet": false,
        "reportFilename": "mochawesome",
        "saveHtml": false,
        "saveJson": true,
        "consoleReporter": "spec",
        "useInlineDiffs": false,
        "code": true
      },
      "version": "6.2.1"
    },
    "marge": {
      "options": {
        "reportDir": "cypress/reports/mochawesome-report",
        "overwrite": false,
        "html": false,
        "json": true,
        "timestamp": "mmddyyyy_HHMMss"
      },
      "version": "5.1.0"
    }
  }
}