{
  "stats": {
    "suites": 1,
    "tests": 3,
    "passes": 1,
    "pending": 0,
    "failures": 2,
    "start": "2021-01-16T05:58:41.439Z",
    "end": "2021-01-16T05:59:53.021Z",
    "duration": 71582,
    "testsRegistered": 3,
    "passPercent": 33.33333333333333,
    "pendingPercent": 0,
    "other": 0,
    "hasOther": false,
    "skipped": 0,
    "hasSkipped": false
  },
  "results": [
    {
      "uuid": "cae8c17d-5b9d-49c5-912f-cbb1592ebf6b",
      "title": "",
      "fullFile": "cypress/integration/examples/login_page.spec.js",
      "file": "cypress/integration/examples/login_page.spec.js",
      "beforeHooks": [],
      "afterHooks": [],
      "tests": [],
      "suites": [
        {
          "uuid": "2770ad22-465c-401d-838d-738201b0c3d3",
          "title": "Test login funcationlity ",
          "fullFile": "",
          "file": "",
          "beforeHooks": [],
          "afterHooks": [],
          "tests": [
            {
              "title": "Open URL",
              "fullTitle": "Test login funcationlity  Open URL",
              "timedOut": null,
              "duration": 60432,
              "state": "failed",
              "speed": null,
              "pass": false,
              "fail": true,
              "pending": false,
              "context": null,
              "code": "cy.visit(\"http://www.testyou.in/Login.aspx\");",
              "err": {
                "message": "CypressError: Timed out after waiting `60000ms` for your remote page to load.\n\nYour page did not fire its `load` event within `60000ms`.\n\nYou can try increasing the `pageLoadTimeout` value in `cypress.json` to wait longer.\n\nBrowsers will not fire the `load` event until all stylesheets and scripts are done downloading.\n\nWhen this `load` event occurs, Cypress will continue running commands.",
                "estack": "CypressError: Timed out after waiting `60000ms` for your remote page to load.\n\nYour page did not fire its `load` event within `60000ms`.\n\nYou can try increasing the `pageLoadTimeout` value in `cypress.json` to wait longer.\n\nBrowsers will not fire the `load` event until all stylesheets and scripts are done downloading.\n\nWhen this `load` event occurs, Cypress will continue running commands.\n    at timedOutWaitingForPageLoad (http://www.testyou.in/__cypress/runner/cypress_runner.js:156921:13)\n    at http://www.testyou.in/__cypress/runner/cypress_runner.js:157904:16\n    at tryCatcher (http://www.testyou.in/__cypress/runner/cypress_runner.js:10609:23)\n    at http://www.testyou.in/__cypress/runner/cypress_runner.js:5731:41\n    at tryCatcher (http://www.testyou.in/__cypress/runner/cypress_runner.js:10609:23)\n    at Promise._settlePromiseFromHandler (http://www.testyou.in/__cypress/runner/cypress_runner.js:8544:31)\n    at Promise._settlePromise (http://www.testyou.in/__cypress/runner/cypress_runner.js:8601:18)\n    at Promise._settlePromise0 (http://www.testyou.in/__cypress/runner/cypress_runner.js:8646:10)\n    at Promise._settlePromises (http://www.testyou.in/__cypress/runner/cypress_runner.js:8722:18)\n    at _drainQueueStep (http://www.testyou.in/__cypress/runner/cypress_runner.js:5316:12)\n    at _drainQueue (http://www.testyou.in/__cypress/runner/cypress_runner.js:5309:9)\n    at Async.../../node_modules/bluebird/js/release/async.js.Async._drainQueues (http://www.testyou.in/__cypress/runner/cypress_runner.js:5325:5)\n    at Async.drainQueues (http://www.testyou.in/__cypress/runner/cypress_runner.js:5195:14)\nFrom Your Spec Code:\n    at Context.eval (http://www.testyou.in/__cypress/tests?p=cypress/integration/examples/login_page.spec.js:102:8)",
                "diff": null
              },
              "uuid": "23128717-9c50-4f9a-839b-95385e7615a1",
              "parentUUID": "2770ad22-465c-401d-838d-738201b0c3d3",
              "isHook": false,
              "skipped": false
            },
            {
              "title": "Login Into Application",
              "fullTitle": "Test login funcationlity  Login Into Application",
              "timedOut": null,
              "duration": 5118,
              "state": "passed",
              "speed": "slow",
              "pass": true,
              "fail": false,
              "pending": false,
              "context": null,
              "code": "cy.get('#ctl00_CPHContainer_txtUserLogin').type('kailash1980');\ncy.get('#ctl00_CPHContainer_txtPassword').type('Sonie8088');\ncy.get('#ctl00_CPHContainer_btnLoginn').click();",
              "err": {},
              "uuid": "55129633-83fd-4361-9a56-a0619f83ec91",
              "parentUUID": "2770ad22-465c-401d-838d-738201b0c3d3",
              "isHook": false,
              "skipped": false
            },
            {
              "title": "Logout From Application",
              "fullTitle": "Test login funcationlity  Logout From Application",
              "timedOut": null,
              "duration": 4334,
              "state": "failed",
              "speed": null,
              "pass": false,
              "fail": true,
              "pending": false,
              "context": null,
              "code": "cy.get('#ctl00_headerTopStudent_lnkbtnSignout1').click();",
              "err": {
                "message": "AssertionError: Timed out retrying after 4000ms: Expected to find element: `#ctl00_headerTopStudent_lnkbtnSignout1`, but never found it.",
                "estack": "AssertionError: Timed out retrying after 4000ms: Expected to find element: `#ctl00_headerTopStudent_lnkbtnSignout1`, but never found it.\n    at Context.eval (http://www.testyou.in/__cypress/tests?p=cypress/integration/examples/login_page.spec.js:110:8)",
                "diff": null
              },
              "uuid": "e8e31d69-4529-4306-923f-e404831d83f4",
              "parentUUID": "2770ad22-465c-401d-838d-738201b0c3d3",
              "isHook": false,
              "skipped": false
            }
          ],
          "suites": [],
          "passes": [
            "55129633-83fd-4361-9a56-a0619f83ec91"
          ],
          "failures": [
            "23128717-9c50-4f9a-839b-95385e7615a1",
            "e8e31d69-4529-4306-923f-e404831d83f4"
          ],
          "pending": [],
          "skipped": [],
          "duration": 69884,
          "root": false,
          "rootEmpty": false,
          "_timeout": 2000
        }
      ],
      "passes": [],
      "failures": [],
      "pending": [],
      "skipped": [],
      "duration": 0,
      "root": true,
      "rootEmpty": true,
      "_timeout": 2000
    }
  ],
  "meta": {
    "mocha": {
      "version": "7.0.1"
    },
    "mochawesome": {
      "options": {
        "quiet": false,
        "reportFilename": "mochawesome",
        "saveHtml": false,
        "saveJson": true,
        "consoleReporter": "spec",
        "useInlineDiffs": false,
        "code": true
      },
      "version": "6.2.1"
    },
    "marge": {
      "options": {
        "reportDir": "cypress/reports/mochawesome-report",
        "overwrite": false,
        "html": false,
        "json": true,
        "timestamp": "mmddyyyy_HHMMss"
      },
      "version": "5.1.0"
    }
  }
}