{
  "stats": {
    "suites": 1,
    "tests": 1,
    "passes": 1,
    "pending": 0,
    "failures": 0,
    "start": "2021-03-20T13:51:05.683Z",
    "end": "2021-03-20T13:51:09.987Z",
    "duration": 4304,
    "testsRegistered": 1,
    "passPercent": 100,
    "pendingPercent": 0,
    "other": 0,
    "hasOther": false,
    "skipped": 0,
    "hasSkipped": false
  },
  "results": [
    {
      "uuid": "600c0964-836c-44f1-b936-76594e63e376",
      "title": "",
      "fullFile": "cypress/integration/examples/shadow_dom.js",
      "file": "cypress/integration/examples/shadow_dom.js",
      "beforeHooks": [],
      "afterHooks": [],
      "tests": [],
      "suites": [
        {
          "uuid": "8137c764-705b-4bf9-99b0-7541e2457b1c",
          "title": "Example to demonstrate the handling of Shadow Dom in Cypress",
          "fullFile": "",
          "file": "",
          "beforeHooks": [],
          "afterHooks": [],
          "tests": [
            {
              "title": "Input a text in the input box and after search validate the URL",
              "fullTitle": "Example to demonstrate the handling of Shadow Dom in Cypress Input a text in the input box and after search validate the URL",
              "timedOut": null,
              "duration": 3086,
              "state": "passed",
              "speed": "slow",
              "pass": true,
              "fail": false,
              "pending": false,
              "context": null,
              "code": "cy.get('book-app').shadow().find('app-header').find('.toolbar-bottom').find('book-input-decorator').find('#input').type('Science').click().url('contains', 'explore?q=Science');",
              "err": {},
              "uuid": "81e02c65-ccd1-4b28-bc28-c30242b570a1",
              "parentUUID": "8137c764-705b-4bf9-99b0-7541e2457b1c",
              "isHook": false,
              "skipped": false
            }
          ],
          "suites": [],
          "passes": [
            "81e02c65-ccd1-4b28-bc28-c30242b570a1"
          ],
          "failures": [],
          "pending": [],
          "skipped": [],
          "duration": 3086,
          "root": false,
          "rootEmpty": false,
          "_timeout": 2000
        }
      ],
      "passes": [],
      "failures": [],
      "pending": [],
      "skipped": [],
      "duration": 0,
      "root": true,
      "rootEmpty": true,
      "_timeout": 2000
    }
  ],
  "meta": {
    "mocha": {
      "version": "7.0.1"
    },
    "mochawesome": {
      "options": {
        "quiet": false,
        "reportFilename": "mochawesome",
        "saveHtml": false,
        "saveJson": true,
        "consoleReporter": "spec",
        "useInlineDiffs": false,
        "code": true
      },
      "version": "6.2.1"
    },
    "marge": {
      "options": {
        "reportDir": "cypress/reports/mochawesome-report",
        "overwrite": false,
        "html": false,
        "json": true,
        "timestamp": "mmddyyyy_HHMMss"
      },
      "version": "5.1.0"
    }
  }
}