{
  "stats": {
    "suites": 1,
    "tests": 3,
    "passes": 3,
    "pending": 0,
    "failures": 0,
    "start": "2021-03-10T03:57:12.019Z",
    "end": "2021-03-10T03:57:22.706Z",
    "duration": 10687,
    "testsRegistered": 3,
    "passPercent": 100,
    "pendingPercent": 0,
    "other": 0,
    "hasOther": false,
    "skipped": 0,
    "hasSkipped": false
  },
  "results": [
    {
      "uuid": "2668ebe9-f150-4919-838d-e7e72ebc0887",
      "title": "",
      "fullFile": "cypress/integration/examples/login_page.js",
      "file": "cypress/integration/examples/login_page.js",
      "beforeHooks": [],
      "afterHooks": [],
      "tests": [],
      "suites": [
        {
          "uuid": "07b7ddf5-4fbb-4b66-9520-36a2e358cc5d",
          "title": "Test login funcationlity ",
          "fullFile": "",
          "file": "",
          "beforeHooks": [],
          "afterHooks": [],
          "tests": [
            {
              "title": "Open URL",
              "fullTitle": "Test login funcationlity  Open URL",
              "timedOut": null,
              "duration": 2717,
              "state": "passed",
              "speed": "slow",
              "pass": true,
              "fail": false,
              "pending": false,
              "context": null,
              "code": "cy.visit(\"http://www.testyou.in/Login.aspx\");",
              "err": {},
              "uuid": "99d955fb-7cfc-4ddf-b3ab-2e919a55e1c6",
              "parentUUID": "07b7ddf5-4fbb-4b66-9520-36a2e358cc5d",
              "isHook": false,
              "skipped": false
            },
            {
              "title": "Login Into Application",
              "fullTitle": "Test login funcationlity  Login Into Application",
              "timedOut": null,
              "duration": 4545,
              "state": "passed",
              "speed": "slow",
              "pass": true,
              "fail": false,
              "pending": false,
              "context": null,
              "code": "cy.get(\"#ctl00_CPHContainer_txtUserLogin\").type(\"kailash1980\");\ncy.get(\"#ctl00_CPHContainer_txtPassword\").type(\"Sonie8088\");\ncy.debug();\ncy.get(\"#ctl00_CPHContainer_btnLoginn\").click();",
              "err": {},
              "uuid": "24130bc9-14e4-4b67-8faa-d36d84e2bb46",
              "parentUUID": "07b7ddf5-4fbb-4b66-9520-36a2e358cc5d",
              "isHook": false,
              "skipped": false
            },
            {
              "title": "Logout From Application",
              "fullTitle": "Test login funcationlity  Logout From Application",
              "timedOut": null,
              "duration": 1558,
              "state": "passed",
              "speed": "slow",
              "pass": true,
              "fail": false,
              "pending": false,
              "context": null,
              "code": "cy.get(\"#ctl00_headerTopStudent_lnkbtnSignout\").click();",
              "err": {},
              "uuid": "d925576f-da81-4df7-91dd-c2d01bd8a7f9",
              "parentUUID": "07b7ddf5-4fbb-4b66-9520-36a2e358cc5d",
              "isHook": false,
              "skipped": false
            }
          ],
          "suites": [],
          "passes": [
            "99d955fb-7cfc-4ddf-b3ab-2e919a55e1c6",
            "24130bc9-14e4-4b67-8faa-d36d84e2bb46",
            "d925576f-da81-4df7-91dd-c2d01bd8a7f9"
          ],
          "failures": [],
          "pending": [],
          "skipped": [],
          "duration": 8820,
          "root": false,
          "rootEmpty": false,
          "_timeout": 2000
        }
      ],
      "passes": [],
      "failures": [],
      "pending": [],
      "skipped": [],
      "duration": 0,
      "root": true,
      "rootEmpty": true,
      "_timeout": 2000
    }
  ],
  "meta": {
    "mocha": {
      "version": "7.0.1"
    },
    "mochawesome": {
      "options": {
        "quiet": false,
        "reportFilename": "mochawesome",
        "saveHtml": false,
        "saveJson": true,
        "consoleReporter": "spec",
        "useInlineDiffs": false,
        "code": true
      },
      "version": "6.2.1"
    },
    "marge": {
      "options": {
        "reportDir": "cypress/reports/mochawesome-report",
        "overwrite": false,
        "html": false,
        "json": true,
        "timestamp": "mmddyyyy_HHMMss"
      },
      "version": "5.1.0"
    }
  }
}