{
  "stats": {
    "suites": 1,
    "tests": 1,
    "passes": 1,
    "pending": 0,
    "failures": 0,
    "start": "2021-01-16T19:22:53.680Z",
    "end": "2021-01-16T19:22:58.742Z",
    "duration": 5062,
    "testsRegistered": 1,
    "passPercent": 100,
    "pendingPercent": 0,
    "other": 0,
    "hasOther": false,
    "skipped": 0,
    "hasSkipped": false
  },
  "results": [
    {
      "uuid": "ef76c5d1-1810-47fe-9697-2c61c5bf7c47",
      "title": "",
      "fullFile": "cypress/integration/examples/shadow_dom.js",
      "file": "cypress/integration/examples/shadow_dom.js",
      "beforeHooks": [],
      "afterHooks": [],
      "tests": [],
      "suites": [
        {
          "uuid": "fc3cf2a5-a97f-4a3e-88a9-701aa7de0933",
          "title": "Example to demonstrate the handling of Shadow Dom in Cypress",
          "fullFile": "",
          "file": "",
          "beforeHooks": [],
          "afterHooks": [],
          "tests": [
            {
              "title": "Input a text in the input box and after search validate the URL",
              "fullTitle": "Example to demonstrate the handling of Shadow Dom in Cypress Input a text in the input box and after search validate the URL",
              "timedOut": null,
              "duration": 3408,
              "state": "passed",
              "speed": "slow",
              "pass": true,
              "fail": false,
              "pending": false,
              "context": null,
              "code": "cy.get('book-app').shadow().find('app-header').find('.toolbar-bottom').find('book-input-decorator').find('#input').type('Science').click().url('contains', 'explore?q=Science');",
              "err": {},
              "uuid": "2ea20d20-c70d-4a25-8ef2-271e08f4d06a",
              "parentUUID": "fc3cf2a5-a97f-4a3e-88a9-701aa7de0933",
              "isHook": false,
              "skipped": false
            }
          ],
          "suites": [],
          "passes": [
            "2ea20d20-c70d-4a25-8ef2-271e08f4d06a"
          ],
          "failures": [],
          "pending": [],
          "skipped": [],
          "duration": 3408,
          "root": false,
          "rootEmpty": false,
          "_timeout": 2000
        }
      ],
      "passes": [],
      "failures": [],
      "pending": [],
      "skipped": [],
      "duration": 0,
      "root": true,
      "rootEmpty": true,
      "_timeout": 2000
    }
  ],
  "meta": {
    "mocha": {
      "version": "7.0.1"
    },
    "mochawesome": {
      "options": {
        "quiet": false,
        "reportFilename": "mochawesome",
        "saveHtml": false,
        "saveJson": true,
        "consoleReporter": "spec",
        "useInlineDiffs": false,
        "code": true
      },
      "version": "6.2.1"
    },
    "marge": {
      "options": {
        "reportDir": "cypress/reports/mochawesome-report",
        "overwrite": false,
        "html": false,
        "json": true,
        "timestamp": "mmddyyyy_HHMMss"
      },
      "version": "5.1.0"
    }
  }
}