{
  "stats": {
    "suites": 1,
    "tests": 3,
    "passes": 3,
    "pending": 0,
    "failures": 0,
    "start": "2021-03-20T13:50:46.614Z",
    "end": "2021-03-20T13:50:56.852Z",
    "duration": 10238,
    "testsRegistered": 3,
    "passPercent": 100,
    "pendingPercent": 0,
    "other": 0,
    "hasOther": false,
    "skipped": 0,
    "hasSkipped": false
  },
  "results": [
    {
      "uuid": "9c854490-a68e-4133-bd21-e48804cf36f3",
      "title": "",
      "fullFile": "cypress/integration/examples/login_page.js",
      "file": "cypress/integration/examples/login_page.js",
      "beforeHooks": [],
      "afterHooks": [],
      "tests": [],
      "suites": [
        {
          "uuid": "efc4428b-de9c-4b11-b865-38a259576ad2",
          "title": "Test login funcationlity ",
          "fullFile": "",
          "file": "",
          "beforeHooks": [],
          "afterHooks": [],
          "tests": [
            {
              "title": "Open URL",
              "fullTitle": "Test login funcationlity  Open URL",
              "timedOut": null,
              "duration": 2588,
              "state": "passed",
              "speed": "slow",
              "pass": true,
              "fail": false,
              "pending": false,
              "context": null,
              "code": "cy.visit(\"http://www.testyou.in/Login.aspx\");",
              "err": {},
              "uuid": "7f1afbb0-7b7d-4db5-907d-adff8cbb14a0",
              "parentUUID": "efc4428b-de9c-4b11-b865-38a259576ad2",
              "isHook": false,
              "skipped": false
            },
            {
              "title": "Login Into Application",
              "fullTitle": "Test login funcationlity  Login Into Application",
              "timedOut": null,
              "duration": 4006,
              "state": "passed",
              "speed": "slow",
              "pass": true,
              "fail": false,
              "pending": false,
              "context": null,
              "code": "cy.get(\"#ctl00_CPHContainer_txtUserLogin\").type(\"kailash1980\");\ncy.get(\"#ctl00_CPHContainer_txtPassword\").type(\"Sonie8088\");\ncy.debug();\ncy.get(\"#ctl00_CPHContainer_btnLoginn\").click();",
              "err": {},
              "uuid": "3a5d80fb-ca5e-46ee-8c69-2393d67f899f",
              "parentUUID": "efc4428b-de9c-4b11-b865-38a259576ad2",
              "isHook": false,
              "skipped": false
            },
            {
              "title": "Logout From Application",
              "fullTitle": "Test login funcationlity  Logout From Application",
              "timedOut": null,
              "duration": 1704,
              "state": "passed",
              "speed": "slow",
              "pass": true,
              "fail": false,
              "pending": false,
              "context": null,
              "code": "cy.get(\"#ctl00_headerTopStudent_lnkbtnSignout\").click();",
              "err": {},
              "uuid": "ba39c440-b6cf-4cc1-9dec-dd6a810b5ce3",
              "parentUUID": "efc4428b-de9c-4b11-b865-38a259576ad2",
              "isHook": false,
              "skipped": false
            }
          ],
          "suites": [],
          "passes": [
            "7f1afbb0-7b7d-4db5-907d-adff8cbb14a0",
            "3a5d80fb-ca5e-46ee-8c69-2393d67f899f",
            "ba39c440-b6cf-4cc1-9dec-dd6a810b5ce3"
          ],
          "failures": [],
          "pending": [],
          "skipped": [],
          "duration": 8298,
          "root": false,
          "rootEmpty": false,
          "_timeout": 2000
        }
      ],
      "passes": [],
      "failures": [],
      "pending": [],
      "skipped": [],
      "duration": 0,
      "root": true,
      "rootEmpty": true,
      "_timeout": 2000
    }
  ],
  "meta": {
    "mocha": {
      "version": "7.0.1"
    },
    "mochawesome": {
      "options": {
        "quiet": false,
        "reportFilename": "mochawesome",
        "saveHtml": false,
        "saveJson": true,
        "consoleReporter": "spec",
        "useInlineDiffs": false,
        "code": true
      },
      "version": "6.2.1"
    },
    "marge": {
      "options": {
        "reportDir": "cypress/reports/mochawesome-report",
        "overwrite": false,
        "html": false,
        "json": true,
        "timestamp": "mmddyyyy_HHMMss"
      },
      "version": "5.1.0"
    }
  }
}