{
  "stats": {
    "suites": 1,
    "tests": 3,
    "passes": 3,
    "pending": 0,
    "failures": 0,
    "start": "2020-12-26T06:13:59.607Z",
    "end": "2020-12-26T06:14:13.375Z",
    "duration": 13768,
    "testsRegistered": 3,
    "passPercent": 100,
    "pendingPercent": 0,
    "other": 0,
    "hasOther": false,
    "skipped": 0,
    "hasSkipped": false
  },
  "results": [
    {
      "uuid": "1d67cf37-4140-4024-b67e-bc0489fbedf3",
      "title": "",
      "fullFile": "cypress/integration/examples/login_page.spec.js",
      "file": "cypress/integration/examples/login_page.spec.js",
      "beforeHooks": [],
      "afterHooks": [],
      "tests": [],
      "suites": [
        {
          "uuid": "d17740af-cbab-4d07-880b-4c8e9cb04680",
          "title": "Test login funcationlity ",
          "fullFile": "",
          "file": "",
          "beforeHooks": [],
          "afterHooks": [],
          "tests": [
            {
              "title": "Open URL",
              "fullTitle": "Test login funcationlity  Open URL",
              "timedOut": null,
              "duration": 5058,
              "state": "passed",
              "speed": "slow",
              "pass": true,
              "fail": false,
              "pending": false,
              "context": null,
              "code": "cy.visit(\"http://www.testyou.in/Login.aspx\");",
              "err": {},
              "uuid": "d84c8dd8-c1cc-4b4e-ba57-a14852e51930",
              "parentUUID": "d17740af-cbab-4d07-880b-4c8e9cb04680",
              "isHook": false,
              "skipped": false
            },
            {
              "title": "Login Into Application",
              "fullTitle": "Test login funcationlity  Login Into Application",
              "timedOut": null,
              "duration": 5046,
              "state": "passed",
              "speed": "slow",
              "pass": true,
              "fail": false,
              "pending": false,
              "context": null,
              "code": "cy.get('#ctl00_CPHContainer_txtUserLogin').type('kailash1980');\ncy.get('#ctl00_CPHContainer_txtPassword').type('Sonie8088');\ncy.get('#ctl00_CPHContainer_btnLoginn').click();",
              "err": {},
              "uuid": "3865a528-c9db-4768-855d-807ca58a26d8",
              "parentUUID": "d17740af-cbab-4d07-880b-4c8e9cb04680",
              "isHook": false,
              "skipped": false
            },
            {
              "title": "Logout From Application",
              "fullTitle": "Test login funcationlity  Logout From Application",
              "timedOut": null,
              "duration": 2115,
              "state": "passed",
              "speed": "slow",
              "pass": true,
              "fail": false,
              "pending": false,
              "context": null,
              "code": "cy.get('#ctl00_headerTopStudent_lnkbtnSignout').click();",
              "err": {},
              "uuid": "3324d43f-0e11-4a7b-9fac-b6b484fd5a17",
              "parentUUID": "d17740af-cbab-4d07-880b-4c8e9cb04680",
              "isHook": false,
              "skipped": false
            }
          ],
          "suites": [],
          "passes": [
            "d84c8dd8-c1cc-4b4e-ba57-a14852e51930",
            "3865a528-c9db-4768-855d-807ca58a26d8",
            "3324d43f-0e11-4a7b-9fac-b6b484fd5a17"
          ],
          "failures": [],
          "pending": [],
          "skipped": [],
          "duration": 12219,
          "root": false,
          "rootEmpty": false,
          "_timeout": 2000
        }
      ],
      "passes": [],
      "failures": [],
      "pending": [],
      "skipped": [],
      "duration": 0,
      "root": true,
      "rootEmpty": true,
      "_timeout": 2000
    }
  ],
  "meta": {
    "mocha": {
      "version": "7.0.1"
    },
    "mochawesome": {
      "options": {
        "quiet": false,
        "reportFilename": "mochawesome",
        "saveHtml": false,
        "saveJson": true,
        "consoleReporter": "spec",
        "useInlineDiffs": false,
        "code": true
      },
      "version": "6.2.1"
    },
    "marge": {
      "options": {
        "reportDir": "cypress/reports/mochawesome-report",
        "overwrite": false,
        "html": false,
        "json": true,
        "timestamp": "mmddyyyy_HHMMss"
      },
      "version": "5.1.0"
    }
  }
}