{
  "stats": {
    "suites": 1,
    "tests": 3,
    "passes": 2,
    "pending": 0,
    "failures": 1,
    "start": "2021-01-16T18:39:37.749Z",
    "end": "2021-01-16T18:39:50.325Z",
    "duration": 12576,
    "testsRegistered": 3,
    "passPercent": 66.66666666666666,
    "pendingPercent": 0,
    "other": 0,
    "hasOther": false,
    "skipped": 0,
    "hasSkipped": false
  },
  "results": [
    {
      "uuid": "dd97685f-e1ce-4b10-8323-d5a49fb114dc",
      "title": "",
      "fullFile": "cypress/integration/examples/login_page.spec.js",
      "file": "cypress/integration/examples/login_page.spec.js",
      "beforeHooks": [],
      "afterHooks": [],
      "tests": [],
      "suites": [
        {
          "uuid": "c6c3bf05-b886-4fa0-87c1-e1d8b0783359",
          "title": "Test login funcationlity ",
          "fullFile": "",
          "file": "",
          "beforeHooks": [],
          "afterHooks": [],
          "tests": [
            {
              "title": "Open URL",
              "fullTitle": "Test login funcationlity  Open URL",
              "timedOut": null,
              "duration": 2418,
              "state": "passed",
              "speed": "slow",
              "pass": true,
              "fail": false,
              "pending": false,
              "context": null,
              "code": "cy.visit(\"http://www.testyou.in/Login.aspx\");",
              "err": {},
              "uuid": "07832d1e-aab2-4b50-96f9-0c36d1f07d8e",
              "parentUUID": "c6c3bf05-b886-4fa0-87c1-e1d8b0783359",
              "isHook": false,
              "skipped": false
            },
            {
              "title": "Login Into Application",
              "fullTitle": "Test login funcationlity  Login Into Application",
              "timedOut": null,
              "duration": 4568,
              "state": "passed",
              "speed": "slow",
              "pass": true,
              "fail": false,
              "pending": false,
              "context": null,
              "code": "cy.get('#ctl00_CPHContainer_txtUserLogin').type('kailash1980');\ncy.get('#ctl00_CPHContainer_txtPassword').type('Sonie8088');\ncy.get('#ctl00_CPHContainer_btnLoginn').click();",
              "err": {},
              "uuid": "f91ae707-52b0-4c00-9c37-a358ebdb97d2",
              "parentUUID": "c6c3bf05-b886-4fa0-87c1-e1d8b0783359",
              "isHook": false,
              "skipped": false
            },
            {
              "title": "Logout From Application",
              "fullTitle": "Test login funcationlity  Logout From Application",
              "timedOut": null,
              "duration": 4347,
              "state": "failed",
              "speed": null,
              "pass": false,
              "fail": true,
              "pending": false,
              "context": null,
              "code": "cy.get('#ctl00_headerTopStudent_lnkbtnSignout1').click();",
              "err": {
                "message": "AssertionError: Timed out retrying after 4000ms: Expected to find element: `#ctl00_headerTopStudent_lnkbtnSignout1`, but never found it.",
                "estack": "AssertionError: Timed out retrying after 4000ms: Expected to find element: `#ctl00_headerTopStudent_lnkbtnSignout1`, but never found it.\n    at Context.eval (http://www.testyou.in/__cypress/tests?p=cypress/integration/examples/login_page.spec.js:110:8)",
                "diff": null
              },
              "uuid": "feb1dd83-d452-4c37-ab49-5bcc8a2184d1",
              "parentUUID": "c6c3bf05-b886-4fa0-87c1-e1d8b0783359",
              "isHook": false,
              "skipped": false
            }
          ],
          "suites": [],
          "passes": [
            "07832d1e-aab2-4b50-96f9-0c36d1f07d8e",
            "f91ae707-52b0-4c00-9c37-a358ebdb97d2"
          ],
          "failures": [
            "feb1dd83-d452-4c37-ab49-5bcc8a2184d1"
          ],
          "pending": [],
          "skipped": [],
          "duration": 11333,
          "root": false,
          "rootEmpty": false,
          "_timeout": 2000
        }
      ],
      "passes": [],
      "failures": [],
      "pending": [],
      "skipped": [],
      "duration": 0,
      "root": true,
      "rootEmpty": true,
      "_timeout": 2000
    }
  ],
  "meta": {
    "mocha": {
      "version": "7.0.1"
    },
    "mochawesome": {
      "options": {
        "quiet": false,
        "reportFilename": "mochawesome",
        "saveHtml": false,
        "saveJson": true,
        "consoleReporter": "spec",
        "useInlineDiffs": false,
        "code": true
      },
      "version": "6.2.1"
    },
    "marge": {
      "options": {
        "reportDir": "cypress/reports/mochawesome-report",
        "overwrite": false,
        "html": false,
        "json": true,
        "timestamp": "mmddyyyy_HHMMss"
      },
      "version": "5.1.0"
    }
  }
}